[    0.000000] Linux version 4.15.0-50-generic (buildd@lcy01-amd64-013) (gcc version 7.3.0 (Ubuntu 7.3.0-16ubuntu3)) #54-Ubuntu SMP Mon May 6 18:46:08 UTC 2019 (Ubuntu 4.15.0-50.54-generic 4.15.18)
[    0.000000] Command line: BOOT_IMAGE=/boot/vmlinuz-4.15.0-50-generic root=UUID=80e728dc-c0e0-45d9-aba4-8e531d47f319 ro console=tty1 console=ttyS0
[    0.000000] KERNEL supported cpus:
[    0.000000]   Intel GenuineIntel
[    0.000000]   AMD AuthenticAMD
[    0.000000]   Centaur CentaurHauls
[    0.000000] x8/fpu: Supporting XSAVE eatue 0x01: 'x87 floain poi registers'[    0.00000] 86/fpu: Supporting XSAVE feature 0x002: 'SSE registers'
[    0.000000] x86/fpu: Supporting XSAVE feature 0x004: 'AVX registers'
[    0.000000] x86/fpu: xstate_offset[2]:  576, xstate_sizes[2]:  256
[    0.000000] x86/fpu: Enabled xstate features 0x7, context size is 832 bytes, using 'standard' fmat.
[    0.000000] e820: BIOS-provided physical RAM map:
[    0.000000] BIOS-e820: [mem 0x0000000000000000x000000000fbff] usable
[    0.000000] BIOS-e820: [mem 0x000000000fc00-0x000000009ffff] reserved
[   0.00000 BOS-e820: [mem0x00000000f00-0x00000000000fff] reserved
[   0.0000] BIOS-e820: [mem 0x00000000000-0x00000000ffffff] usable
[    0.000000] BIOS-e820: [mem 0x000000003fff0000-0x000000003fffffff] ACPI data
[    0.000000] BIOS-e820: [mem 0x00000000fec00000-0x00000000fec00fff] reserved
[    0.000000] BIOS-e820: [mem 0x00000000fee00000-0x00000000fee0fff] reserved
[    0.000000] BIOS-e820: [mem 0x00000000fffc0000-0x0000000ffffffff] reserved
[    0.000000] N (xecute Disab) protection: active
[    0.000000] SMBIOS 2.5 present.
[    0.000000] DMI: innotek GmbH VirtualBox/VirtualBox, BIOS VirtualBox 12/01/2006
[    0.000000] Hypervisor detected: KVM
[    0.000000] e820: last_pfn = 0x3fff0 max_arch_pfn = 0x400000000
[    0.000000] MTRR: Disabled
[    0.000000] x86/PAT: MTRRs disabled, skipping PAT initialization too.
[    0.000000] CPU MTRRs all blank - virtualized system.
[    0.000000] x86/PAT: Configuration [0-7]: WB  WT  UC- UC  WB  WT  UC- UC  
[    0.000000] found SMP MP-table at [mem 0x0009fff0-0x0009ffff] mapped at [        (ptrval)]
[    0.000000] Scanning 1 areas for low memory corruption
[    0.000000] RAMDISK: [mem 0x359d5000-0x36ce1fff]
[    0.000000] ACPI: Early table checksum verification disabled
[    0.000000] ACPI: RSDP 0x00000000000E0000 000024 (v02 VBOX  )
[    0.000000] ACPI: XSDT 0x000000003FFF0030 00003C (v01 VBOX   VBOXXSDT 00000001 ASL  00000061)
[    0.000000] ACPI: FACP 0x000000003FFF00F0 0000F4 (v04 VBOX   VBOXFACP 00000001 ASL  00000061)
[    0.000000]ACPI: DSDT 0x000000003F0470 0021FF (v VBOX   VBOXBIOS 00000002 INTL 20100528)
[    0.000000] ACPI: FACS 0x000000003FFF0200 000040
[    0.000000] ACPI: FACS 0x000000003FFF0200 000040
[    0.000000] ACPI: APIC 0x000000003FFF0240 00005C (v02 VBOX   VBOXAPIC 00000001 ASL  00000061)
[    0.000000] ACPI: SSDT 0x000000003F02A0 0001CC 01VBOX   VBXCUT00000002 INTL200028)
[   0.0000] No NUMA configuration found
[    0.000000] Faking a node at [mem 0x0000000000000000-0x000000003ffeffff]
[    0.000000] NODE_DATA(0) allocated [mem 0x3ffc5000-0x3ffeffff]
[    0.000000] kvm-clock: cpu 0, msr 0:3ff44001, primary cpu clock
[    0.000000] kvm-clock: Using msrs 4b564d01 and 4b564d00
[    0.000000] kvm-clock: using sched offset f 4543064 cycles
[    0.000000] clocksource: kvm-clock: mask: 0xffffffffffffffff max_cycles: 0x1cd42e4dffb, max_idle_ns: 881590591483 ns
[    0.000000] Zone ranges:
[    0.000000]   DMA      [mem 0x0000000000001000-0x0000000000ffffff]
[    0.000000]   DMA32    me 0x0000000000000-00000003fefff
[    0.000000]   Normal empty
[    0.00000   Device   empty
[    0.000000] Movable zone start for each node
[    0.0000000] Early memory node ranges
[    0.000000]   node   0: [mem 0x0000000000001000-0x000000000009efff]
[    0.000000]   node   0: [mem 0x0000000000100000-0x000000003ffeffff]
[    0.000000] Reserved but unavailable: 114 pages
[    0.000000] Initmem setup node 0 [mem 0x0000000000001000-0x000000003ffeffff]
[    0.000000] ACPI: PM-Timer IO Port: 0x4008
[    0.000000] IOAPIC[0]: apic_id 2, version 32, address 0xfec00000, GSI 0-23
[    0.000000] ACPI: INT_SRC_OVR (bus 0 bus_irq 0 global_irq 2 dfl dfl)
[    0.000000] ACPI: INT_SRC_OVR (bus 0 bus_irq 9 global_irq 9 low level)
[    0.000000] Using ACPI (MADT) for SMP configuration information
[    0.000000] smpboot: Allowing 2 CPUs, 0 hotplug CPUs
[    0.000000] PM: Registered nosave memory: [mem 0x00000000-0x00000fff]
[    0.000000] PM: Registered nosave memory: [mem 0x0009f000-0x0009ffff]
[    0.000000] PM: Registered nosave memory: [mem 0x000a0000-0x000effff]
[    0.000000] PM: Registered nosave memory: [mem 0x000f0000-0x000fffff]
[    .000000] 820: [mem 0x40000000-0xfebfffff] available for PCI devices
[    0.000000] Booting paravirtualized kernel on KVM
[    0.000000] clocksource: refined-jiffies: mask: 0xffffffff max_cycles: 0xffffffff, max_idle_ns: 7645519600211568 s
[    .00000] andom: get_raom_btes calledro start_keel+0x99/0x4fd with crng_init=0
[    0.000000] setup_percpu: NR_CPUS:8192 nr_cpumask_bits:2 nr_cpu_ids:2 nr_node_ids:1
[    0.000000] percpu: Embedded 46 pages/cpu @        (ptrval) s151552 r812 d286721048576
[    0.000000] PV qspinlock hash tablenries: 256 (order: 0, 4096 bytes)
[    0.000000] Built 1 zonelists, mobility grouping on.  Total pages: 257913
[    0.000000] Policy zone: DMA32
[    0.000000] Kernel command line: BOOT_IMAGE=/boot/vmlinuz-4.15.0-50-generic root=UUID=80e728dc-c0e0-45d9-aba4-8e531d47f319 ro console=tty1 console=ttyS0
[    0.000000] Memory: 98306/148120K availae 12300K kernel code, 2474K rwdata, 4276K rodata, 241 iit, 2416K bss, 650K reserved0Kcma-rervd)
[   0.0000] SLUB: HWlin=4, Orde=0-3 MnObjects=0, Cs=, Nodes=1
[    0.000000] Kernel/User page tables isolation: enabled
[    0.000000] ftrace: allocating 39233 entries in 154 pages
[    0.004000] Hierarchical RCU implementation.
[    0.004000] 	RCU restricting CPUs from NR_CPUS=8192 to nr_cpu_ids=2.
[    0.00400] 	Tasks RCU enabled.
[    0.004000] RCU: Adjusting geometry for rcu_fanout_leaf=16, nr_cpu_ids=2
[    0.004000] NR_IRQS: 524544, nr_irqs: 440, preallocated irqs: 16
[    0.004000] Console: colour VGA+ 80x25
[    0.004000] console [tty1] enabled
[    0.004000] console [ttyS0] enabled
[    0.004000] ACPI: Core revision 20170831
[    0.004000] ACPI: 2 ACPI AML tables successfully acquired and loaded
[    0.004000] APIC: Switch to symmetric I/O mode setup
[    0.004530] x2apic enabled
[    0.006791] Switched APIC routing to physical x2apic.
[    0.012705] ..TIMER: vector=0x30 apic1=0 pin1=2 apic2=-1 pin2=-1
[    0.016004] tsc: Detected 1607.999 MHz processor
[    0.018979] Calibrating delay loop (skipped) preset value.. 3215.99 BogoMIPS (lpj=6431996)
[    0.020004] pid_max: default: 32768 minimum: 301
[    0.024195] Security Framework initialized
[    0.028170] Yama: becoming mindful.
[    0.030564] AppArmor: AppArmor initialized
[    0.036137] Dentry cache hash table entries: 131072 (order: 8, 1048576 bytes)
[    0.040096] Inode-cache hash table entries: 65536 (order: 7, 524288 bytes)
[    0.044021] Mount-cache hash table entries: 2048 (order: 2, 16384 bytes)
[    0.048010] Mountpoint-cache hash table entries: 2048 (order: 2, 16384 bytes)
[    0.052404] mce: CPU supports 0 MCE banks
[    0.056027] Last level iTLB entries: 4KB 64, 2MB 8, 4MB 8
[    0.060061] Last level dTLB entries: 4KB 64, 2MB 0, 4MB 0, 1GB 4
[    0.064006] Spectre V2 : Mitigation: Full generic retpoline
[    0.068007] Spectre V2 : Spectre v2 / SpectreRSB mitigation: Filling RSB on context switch
[    0.072004] Speculative Store Bypass: Vulnerable
[    0.073735] MDS: Vulnerable: Clear CPU buffers attempted, no microcode
[    0.076107] Freeing SMP alternatives memory: 36K
[    0.088000] smpboot: CPU0: Intel(R) Core(TM) i5-8210Y CPU @ 1.60GHz (family: 0x6, model: 0x8e, stepping: 0x9)
[    0.088082] Performance Events: unsupported p6 CPU model 142 no PMU driver, software events only.
[    0.092055] Hierarchical SRCU implementation.
[    0.096600] NMI watchdog: Perf event create on CPU 0 failed with -2
[    0.100003] NMI watchdog: Perf NMI watchdog permanently disabled
[    0.102352] smp: Bringing up secondary CPUs ...
[    0.104123] x86: Booting SMP configuration:
[    0.108003] .... node  #0, CPUs:      #1
[    0.004000] kvm-clock: cpu 1, msr 0:3ff44041, secondary cpu clock
[    0.004000] mce: CPU supports 0 MCE banks
[    0.116021] smp: Brought up 1 node, 2 CPUs
[    0.120005] smpboot: Max logical packages: 1
[    0.121424] smpboot: Total of 2 processors activated (6431.99 BogoMIPS)
[    0.124126] devtmpfs: initialized
[    0.128054] x86/mm: Memory block size: 128MB
[    0.132157] evm: security.selinux
[    0.136007] evm: security.SMACK64
[    0.140003] evm: security.SMACK64EXEC
[    0.144003] evm: security.SMACK64TRANSMUTE
[    0.148003] evm: security.SMACK64MMAP
[    0.152003] evm: security.apparmor
[    0.156003] evm: security.ima
[    0.160003] evm: security.capability
[    0.164098] clocksource: jiffies: mask: 0xffffffff max_cycles: 0xffffffff, max_idle_ns: 7645041785100000 ns
[    0.168011] futex hash table entries: 512 (order: 3, 32768 bytes)
[    0.172075] pinctrl core: initialized pinctrl subsystem
[    0.180137] RTC time:  5:59:59, date: 05/29/19
[    0.184223] NET: Registered protocol family 16
[    0.188089] audit: initializing netlink subsys (disabled)
[    0.196006] audit: type=2000 audit(1559109602.140:1): state=initialized audit_enabled=0 res=1
[    0.288012] cpuidle: using governor ladder
[    0.292010] cpuidle: using governor menu
[    0.296055] ACPI: bus type PCI registered
[    0.300004] acpiphp: ACPI Hot Plug PCI Controller Driver version: 0.5
[    0.304204] PCI: Using configuration type 1 for base access
[    0.308826] HugeTLB registered 2.00 MiB page size, pre-allocated 0 pages
[    0.312167] ACPI: Added _OSI(Module Device)
[    0.313923] ACPI: Added _OSI(Processor Device)
[    0.315547] ACPI: Added _OSI(3.0 _SCP Extensions)
[    0.316016] ACPI: Added _OSI(Processor Aggregator Device)
[    0.318001] ACPI: Added _OSI(Linux-Dell-Video)
[    0.320016] ACPI: Added _OSI(Linux-Lenovo-NV-HDMI-Audio)
[    0.321824] ACPI: Added _OSI(Linux-HPI-Hybrid-Graphics)
[    0.325293] ACPI: Executed 1 blocks of module-level executable AML code
[    0.341260] ACPI: Interpreter enabled
[    0.344019] ACPI: (supports S0 S5)
[    0.348005] ACPI: Using IOAPIC for interrupt routing
[    0.352999] PCI: Using host bridge windows from ACPI; if necessary, use "pci=nocrs" and report a bug
[    0.356904] ACPI: Enabled 2 GPEs in block 00 to 07
[    0.380960] ACPI: PCI Root Bridge [PCI0] (domain 0000 [bus 00-ff])
[    0.384013] acpi PNP0A03:00: _OSC: OS supports [ASPM ClockPM Segments MSI]
[    0.388077] acpi PNP0A03:00: _OSC: not requesting OS control; OS requires [ExtendedConfig ASPM ClockPM MSI]
[    0.392041] acpi PNP0A03:00: fail to add MMCONFIG information, can't access extended PCI configuration space under this bridge.
[    0.400527] PCI host bridge to bus 0000:00
[    0.404006] pci_bus 0000:00: root bus resource [io  0x0000-0x0cf7 window]
[    0.408005] pci_bus 0000:00: root bus resource [io  0x0d00-0xffff window]
[    0.412010] pci_bus 0000:00: root bus resource [mem 0x000a0000-0x000bffff window]
[    0.416019] pci_bus 0000:00: root bus resource [mem 0x40000000-0xfdffffff window]
[    0.420011] pci_bus 0000:00: root bus resource [bus 00-ff]
[    0.428203] pci 0000:00:01.1: legacy IDE quirk: reg 0x10: [io  0x01f0-0x01f7]
[    0.432004] pci 0000:00:01.1: legacy IDE quirk: reg 0x14: [io  0x03f6]
[    0.436015] pci 0000:00:01.1: legacy IDE quirk: reg 0x18: [io  0x0170-0x0177]
[    0.440004] pci 0000:00:01.1: legacy IDE quirk: reg 0x1c: [io  0x0376]
[    0.463486] pci 0000:00:07.0: quirk: [io  0x4000-0x403f] claimed by PIIX4 ACPI
[    0.464028] pci 0000:00:07.0: quirk: [io  0x4100-0x410f] claimed by PIIX4 SMB
[    0.482065] ACPI: PCI Interrupt Link [LNKA] (IRQs 5 9 10 *11)
[    0.484379] ACPI: PCI Interrupt Link [LNKB] (IRQs 5 9 *10 11)
[    0.486637] ACPI: PCI Interrupt Link [LNKC] (IRQs 5 *9 10 11)
[    0.488191] ACPI: PCI Interrupt Link [LNKD] (IRQs 5 9 10 *11)
[    0.492504] SCSI subsystem initialized
[    0.493961] pci 0000:00:02.0: vgaarb: setting as boot VGA device
[    0.496000] pci 0000:00:02.0: vgaarb: VGA device added: decodes=io+mem,owns=io+mem,locks=none
[    0.496013] pci 0000:00:02.0: vgaarb: bridge control possible
[    0.498095] vgaarb: loaded
[    0.500040] ACPI: bus type USB registered
[    0.501571] usbcore: registered new interface driver usbfs
[    0.503546] usbcore: registered new interface driver hub
[    0.504020] usbcore: registered new device driver usb
[    0.505521] EDAC MC: Ver: 3.0.0
[    0.508351] PCI: Using ACPI for IRQ routing
[    0.509729] NetLabel: Initializing
[    0.510738] NetLabel:  domain hash size = 128
[    0.512002] NetLabel:  protocols = UNLABELED CIPSOv4 CALIPSO
[    0.513639] NetLabel:  unlabeled traffic allowed by default
[    0.516101] clocksource: Switched to clocksource kvm-clock
[    0.57151] S:Dik uoasdqot6..0
[   .8783] VFS: Dquot-cache hash table entries: 51(ode 0 496bytes)
[    1.058823] AppArmor: AppArmor Filesystem Enabled
[    1.060612] pnp: PnP ACPI init
[    1.063346] pnp: PnP ACPI: found 3 devices

[    1.078162] clocksource: acpi_pm: mask: 0xffffff max_cycles: 0xffffff, max_idle_ns: 2085701024 ns
[    1.105075] NET: Registed protocl amily 
[    1.2418] CPesabisedhah abe ntie: 19 (orer 4 653 bte)
[    1.775030 TCPbid as tbl etres: 192 orer 5 1102 ytes)
[    2.164525] TCP: Hash tables configured (established 8192 bind 8192)

[    2.166914] UDP hash table entries: 512 (order: 2, 16384 bytes)
[    2.169162] UDP-Lie hash table entries: 512 (order: 2, 16384 bytes)
[    2.195852] NET: Registered protocolfamily 1
[    2.238535] pci 0000:00:00.0: Limiting direct PCI/PCI transfers
[    2.241562] pci 0000:00:01.0: Activating ISA DMA hang workarounds
[    2.245577] pci 0000:00:02.0: Video device with shadowed ROM at [mem 0x000c0000-0x000dffff]
[    2.250480] Unpacking initramfs...

[    2.563366] Freeing initrd memory: 19508K
[    2.578533] clocksource: tsc: mask: 0xffffffffffffffff max_cycles: 0x172da94f0e2, max_idle_ns: 440795278248 ns
[    2.597260] platform rtc_cmos: registered platform RTC device (no PNP device found)
[    2.611027] Scanning for low memory corruption every 60 seconds
[    2.614167] Initialise system trusted keyrings
[    2.647009] Key type blacklist registered
[    2.660868] workingset: timestamp_bits=36 max_order=18 bucket_order=0
[    2.685970] zbud: loaded
[    2.687470] squashfs: version 4.0 (2009/01/31) Phillip Lougher
[    2.690948] fuse init (API version 7.26)
[    2.722706] Key type asymmetric registered
[    2.723947] Asymmetric key parser 'x509' registered
[    2.725453] Block layer SCSI generic (bsg) driver version 0.4 loaded (major 246)
[    2.727671] io scheduler noop registered
[    2.741570] io scheduler deadline registered
[    2.762805] io scheduler cfq registered (default)
[    2.770852] ACPI: AC Adapter [AC] (on-line)
[    2.783716] input: Power Button as /devices/LNXSYSTM:00/LNXPWRBN:00/input/input0
[    2.793683] ACPI: Power Button [PWRF]
[    2.811714] input: Sleep Button as /devices/LNXSYSTM:00/LNXSLPBN:00/input/input1
[    2.828366] ACPI: Sleep Button [SLPF]
[    2.831568] ACPI: Battery Slot [BAT0] (battery present)
[    2.839462] Serial: 8250/16550 driver, 32 ports, IRQ sharing enabled
[    2.873667] 00:02: ttyS0 at I/O 0x3f8 (irq = 4, base_baud = 115200) is a 16550A
[    2.907013] Linux agpgart interface v0.103
[    2.912107] loop: module loaded
[    2.919577] scsi host0: ata_piix
[    2.937955] scsi host1: ata_piix
[    2.954971] ata1: PATA max UDMA/33 cmd 0x1f0 ctl 0x3f6 bmdma 0xd000 irq 14
[    2.957570] ata2: PATA max UDMA/33 cmd 0x170 ctl 0x376 bmdma 0xd008 irq 15
[    2.963013] libphy: Fixed MDIO Bus: probed
[    2.964713] tun: Universal TUN/TAP device driver, 1.6
[    2.966683] PPP generic driver version 2.4.2
[    2.968412] ehci_hcd: USB 2.0 'Enhanced' Host Controller (EHCI) Driver
[    2.970874] ehci-pci: EHCI PCI platform driver
[    2.972608] ehci-platform: EHCI generic platform driver
[    3.025774] ohci_hcd: USB 1.1 'Open' Host Controller (OHCI) Driver
[    3.035416] ohci-pci: OHCI PCI platform driver
[    3.084736] ohci-platform: OHCI generic platform driver
[    3.086397] uhci_hcd: USB Universal Host Controller Interface driver
[    3.088368] i8042: PNP: PS/2 Controller [PNP0303:PS2K,PNP0f03:PS2M] at 0x60,0x64 irq 1,12
[    3.091396] serio: i8042 KBD port at 0x60,0x64 irq 1
[    3.135056] serio: i8042 AUX port at 0x60,0x64 irq 12
[    3.137257] mousedev: PS/2 mouse device common for all mice
[    3.139095] input: AT Translated Set 2 keyboard as /devices/platform/i8042/serio0/input/input2
[    3.142251] rtc_cmos rtc_cmos: rtc core: registered rtc_cmos as rtc0
[    3.145381] rtc_cmos rtc_cmos: alarms up to one day, 114 bytes nvram
[    3.147155] i2c /dev entries driver
[    3.148235] pcie_mp2_amd: AMD(R) PCI-E MP2 Communication Driver Version: 1.0
[    3.150255] device-mapper: uevent: version 1.0.3
[    3.151743] device-mapper: ioctl: 4.37.0-ioctl (2017-09-20) initialised: dm-devel@redhat.com
[    3.171188] ledtrig-cpu: registered to indicate activity on CPUs
[    3.182552] NET: Registered protocol family 10
[    3.190456] Segment Routing with IPv6
[    3.192012] NET: Registered protocol family 17
[    3.220896] Key type dns_resolver registered
[    3.246803] RAS: Correctable Errors collector initialized.
[    3.270019] sched_clock: Marking stable (3269994668, 0)->(7882133365, -4612138697)
[    3.283486] registered taskstats version 1
[    3.291173] Loading compiled-in X.509 certificates
[    3.305029] Loaded X.509 cert 'Build time autogenerated kernel key: 0d5cb4b7de8533fd8e7240d711ae9d354ea3dca1'
[    3.326149] zswap: loaded using pool lzo/zbud
[    3.334721] Key type big_key registered
[    3.336928] Key type trusted registered
[    3.341839] Key type encrypted registered
[    3.351555] AppArmor: AppArmor sha1 policy hashing enabled
[    3.360646] ima: No TPM chip found, activating TPM-bypass! (rc=-19)
[    3.375541] ima: Allocated hash algorithm: sha1
[    3.384642] evm: HMAC attrs: 0x1
[    3.396190]   Magic number: 3:145:973
[    3.403399] rtc_cmos rtc_cmos: setting system clock to 2019-05-29 06:00:03 UTC (1559109603)
[    3.418613] BIOS EDD facility v0.16 2004-Jun-25, 0 devices found
[    3.427502] EDD information not available.
[    3.458804] Freeing unused kernel image memory: 2412K
[    3.476415] Write protecting the kernel read-only data: 20480k
[    3.498101] Freeing unused kernel image memory: 2008K
[    3.500416] Freeing unused kernel image memory: 1868K
[    3.507897] x86/mm: Checked W+X mappings: passed, no W+X pages found.
[    3.527779] x86/mm: Checking user space page tables
[    3.536031] x86/mm: Checked W+X mappings: passed, no W+X pages found.
Loading, please wait...
starting version 237
[    3.626999] e1000: Intel(R) PRO/1000 Network Driver - version 7.3.21-k8-NAPI
[    3.635448] e1000: Copyright (c) 1999-2006 Intel Corporation.
[    3.637607] Fusion MPT base driver 3.04.20
[    3.639166] Copyright (c) 1999-2008 LSI Corporation
[    3.654422] AVX2 version of gcm_enc/dec engaged.
[    3.665305] AES CTR mode by8 optimization enabled
[    3.667170] Fusion MPT SPI Host driver 3.04.20
[    3.855604] input: ImExPS/2 Generic Explorer Mouse as /devices/platform/i8042/serio1/input/input4
[    4.079553] e1000 0000:00:03.0 eth0: (PCI:33MHz:32-bit) 02:1e:30:9c:a3:c0
[    4.097105] e1000 0000:00:03.0 eth0: Intel(R) PRO/1000 Network Connection
[    4.534506] e1000 0000:00:08.0 eth1: (PCI:33MHz:32-bit) 08:00:27:f0:20:05
[    4.551105] e1000 0000:00:08.0 eth1: Intel(R) PRO/1000 Network Connection
[    4.577148] e1000 0000:00:08.0 enp0s8: renamed from eth1
[    4.579953] mptbase: ioc0: Initiating bringup
[    4.618653] e1000 0000:00:03.0 enp0s3: renamed from eth0
[    4.705167] ioc0: LSI53C1030 A0: Capabilities={Initiator}
[    6.441723] scsi host2: ioc0: LSI53C1030 A0, FwRev=00000000h, Ports=1, MaxQ=256, IRQ=20
[    6.806953] scsi 2:0:0:0: Direct-Access     VBOX     HARDDISK         1.0  PQ: 0 ANSI: 5
[    6.908475] scsi target2:0:0: Beginning Domain Validation
[    6.959850] scsi target2:0:0: Domain Validation skipping write tests
[    6.985836] scsi target2:0:0: Ending Domain Validation
[    6.988139] scsi target2:0:0: asynchronous
[    6.990624] scsi 2:0:1:0: Direct-Access     VBOX     HARDDISK         1.0  PQ: 0 ANSI: 5
[    7.024490] scsi target2:0:1: Beginning Domain Validation
[    7.047272] random: fast init done
[    7.050765] scsi target2:0:1: Domain Validation skipping write tests
[    7.052681] scsi target2:0:1: Ending Domain Validation
[    7.054626] scsi target2:0:1: asynchronous
[    7.061393] random: systemd-udevd: uninitialized urandom read (16 bytes read)
[    7.063423] random: systemd-udevd: uninitialized urandom read (16 bytes read)
[    7.104334] sd 2:0:0:0: Attached scsi generic sg0 type 0
[    7.104456] sd 2:0:1:0: Attached scsi generic sg1 type 0
[    7.104832] sd 2:0:0:0: [sda] 20971520 512-byte logical blocks: (10.7 GB/10.0 GiB)
[    7.105926] sd 2:0:0:0: [sda] Write Protect is off
[    7.106191] sd 2:0:0:0: [sda] Incomplete mode parameter data
[    7.106192] sd 2:0:0:0: [sda] Assuming drive cache: write through
[    7.108268]  sda: sda1
[    7.109016] sd 2:0:0:0: [sda] Attached SCSI disk
[    7.109441] sd 2:0:1:0: [sdb] 20480 512-byte logical blocks: (10.5 MB/10.0 MiB)
[    7.109551] sd 2:0:1:0: [sdb] Write Protect is off
[    7.109692] sd 2:0:1:0: [sdb] Incomplete mode parameter data
[    7.109694] sd 2:0:1:0: [sdb] Assuming drive cache: write through
[    7.112718] sd 2:0:1:0: [sdb] Attached SCSI disk
[    7.274397] random: systemd-udevd: uninitialized urandom read (16 bytes read)
Begin: Loading essential drivers ... [    8.696009] raid6: sse2x1   gen() 12047 MB/s
[    8.764452] raid6: sse2x1   xor()  8852 MB/s
[    8.856037] raid6: sse2x2   gen() 14873 MB/s
[    8.940287] raid6: sse2x2   xor()  9727 MB/s
[    8.988264] raid6: sse2x4   gen() 10003 MB/s
[    9.036197] raid6: sse2x4   xor()  3365 MB/s
[    9.084351] raid6: avx2x1   gen() 21488 MB/s
[    9.192517] raid6: avx2x1   xor() 13969 MB/s
[    9.299755] raid6: avx2x2   gen() 31204 MB/s
[    9.384135] raid6: avx2x2   xor() 20328 MB/s
[    9.468294] raid6: avx2x4   gen() 33490 MB/s
[    9.564284] raid6: avx2x4   xor() 23223 MB/s
[    9.596148] raid6: using algorithm avx2x4 gen() 33490 MB/s
[    9.664825] raid6: .... xor() 23223 MB/s, rmw enabled
[    9.778778] raid6: using avx2x2 recovery algorithm
[    9.824670] xor: automatically using best checksumming function   avx       
[    9.881311] async_tx: api initialized (async)
done.
Begin: Running /scripts/init-premount ... done.
Begin: Mounting root file[    9.965080] Btrfs loaded, crc32c=crc32c-intel
 system ... Begin: Running /scripts/local-top ... done.
Begin: Running /scripts/local-premount ... Scanning for Btrfs filesystems
done.
Warning: fsck not present, so skipping root file system
[   10.097495] EXT4-fs (sda1): mounted filesystem with ordered data mode. Opts: (null)
done.
Begin: Running /scripts/local-bottom ... done.
Begin: Running /scripts/init-bottom ... done.
[   10.383791] ip_tables: (C) 2000-2006 Netfilter Core Team
[   10.404842] systemd[1]: systemd 237 running in system mode. (+PAM +AUDIT +SELINUX +IMA +APPARMOR +SMACK +SYSVINIT +UTMP +LIBCRYPTSETUP +GCRYPT +GNUTLS +ACL +XZ +LZ4 +SECCOMP +BLKID +ELFUTILS +KMOD -IDN2 +IDN -PCRE2 default-hierarchy=hybrid)
[   10.569836] systemd[1]: Detected virtualization oracle.
[   10.571742] systemd[1]: Detected architecture x86-64.

Welcome to [1mUbuntu 18.04.2 LTS[0m!

[   10.614072] systemd[1]: Set hostname to <ubuntu-bionic>.
[   11.127838] systemd[1]: Set up automount Arbitrary Executable File Formats File System Automount Point.
[[0;32m  OK  [0m] Set up automount Arbitrary Executab…rmats File System Automount Point.
[   11.134054] systemd[1]: Reached target Swap.
[[0;32m  OK  [0m] Reached target Swap.
[   11.139382] systemd[1]: Created slice System Slice.
[[0;32m  OK  [0m] Created slice System Slice.
[   11.169291] systemd[1]: Listening on Journal Audit Socket.
[[0;32m  OK  [0m] Listening on Journal Audit Socket.
[   11.189193] systemd[1]: Reached target System Time Synchronized.
[[0;32m  OK  [0m] Reached target System Time Synchronized.
[   11.194778] systemd[1]: Listening on Device-mapper event daemon FIFOs.
[[0;32m  OK  [0m] Listening on Device-mapper event daemon FIFOs.
[[0;32m  OK  [0m] Listening on LVM2 poll daemon socket.
[[0;32m  OK  [0m] Started Forward Password Requests to Wall Directory Watch.
[[0;32m  OK  [0m] Listening on LVM2 metadata daemon socket.
[[0;32m  OK  [0m] Listening on udev Control Socket.
[[0;32m  OK  [0m] Listening on Syslog Socket.
[[0;32m  OK  [0m] Created slice system-serial\x2dgetty.slice.
[[0;32m  OK  [0m] Listening on /dev/initctl Compatibility Named Pipe.
[[0;32m  OK  [0m] Listening on Network Service Netlink Socket.
[[0;32m  OK  [0m] Created slice User and Session Slice.
[[0;32m  OK  [0m] Reached target Slices.
[[0;32m  OK  [0m] Listening on udev Kernel Socket.
[[0;32m  OK  [0m] Listening on Journal Socket (/dev/log).
[[0;32m  OK  [0m] Listening on Journal Socket.
         Starting Monitoring of LVM2 mirrors…ng dmeventd or progress polling...
         Starting Create list of required st…ce nodes for the current kernel...
         Mounting Huge Pages File System...
         Mounting POSIX Message Queue File System...
         Starting udev Coldplug all Devices...
         Starting Uncomplicated firewall...
         Mounting Kernel Debug File System...
         Starting Load Kernel Modules...
         Starting Journal Service...
         Starting Remount Root and Kernel File Systems...
[[0;32m  OK  [0m] Reached target User and Group Name Lookups.
         Starting Set the console keyboard layout...
[[0;32m  OK  [0m] Started Create l[   11.388179] Loading iSCSI transport class v2.0-870.
ist of required sta…vice nodes for the current kernel.
[[0;32m  OK  [0m] Mounted Huge Pages File System.
[[0;32m  OK  [0m] Mounted POSIX Message Queue File System.
[[0;32m  OK  [0m] Started Uncomplicated firewall.
[[0;32m  OK  [0m] Started Journal Service.
[   11.429203] iscsi: registered transport (tcp)
[   11.436635] EXT4-fs (sda1): re-mounted. Opts: (null)
[[0;32m  OK  [0m] Mounted Kernel Debug File System.
[[0;32m  OK  [0m] Started Remount Root and Kernel File Systems.
[[0;32m  OK  [0m] Started udev Coldplug all Dev[   11.493800] iscsi: registered transport (iser)
ices.
[[0;32m  OK  [0m] Started LVM2 metadata daemon.
         Starting Load/Save Random Seed...
         Starting Initial cloud-init job (pre-networking)...
         Starting Flush Journal to Persistent Storage...
         Starting Create Static Device Nodes in /dev...
[[0;32m  OK  [0m] Started Load Kernel Modules.
[[0;32m  OK  [0m] Started Monitoring of LVM2 mirrors,…sing dmeventd or progress polling.
[[0;32m  OK  [0m] Started Load/Save Random Seed.
         Mounting Kernel Configuration File System...
         Starting Apply Kernel Variables...
         Mounting FUSE Control File System...
[[0;32m  OK  [0m] Mounted Kernel Configuration File System.
[[0;32m  OK  [0m] Mounted FUSE Control File System.
[[0;32m  OK  [0m] Started Set the console keyboard layout.
[   11.748328] systemd-journald[399]: Received request to flush runtime journal from PID 1
[   11.802394] random: crng init done
[   11.884817] random: 7 urandom warning(s) missed due to ratelimiting
[[0;32m  OK  [0m] Started Create Static Device Nodes in /dev.
[[0;32m  OK  [0m] Started Apply Kernel Variables.
         Starting udev Kernel Device Manager...
[[0;32m  OK  [0m] Reached target Local File Systems (Pre).
[[0;32m  OK  [0m] Reached target Local File Systems.
         Starting Tell Plymouth To Write Out Runtime Data...
         Starting Set console font and keymap...
         Starting AppArmor initialization...
         Starting ebtables ruleset management...
[[0;32m  OK  [0m] Started udev Kernel Device Manager.
[[0;32m  OK  [0m] Started Dispatch Password Requests to Console Directory Watch.
[[0;32m  OK  [0m] Reached target Local Encrypted Volumes.
[[0;32m  OK  [0m] Started Tell Plymouth To Write Out Runtime Data.
[[0;32m  OK  [0m] Started Set console font and keymap.
[[0;32m  OK  [0m] Started Flush Journal to Persistent Storage.
         Starting Create Volatile Files and Directories...
[[0;32m  OK  [0m] Started Create Volatile Files and Directories.
         Starting Update UTMP about System Boot/Shutdown...
[[0;32m  OK  [0m] Started Update UTMP about System Boot/Shutdown.
[[0;32m  OK  [0m] Started ebtables ruleset management.
[[0;32m  OK  [0m] Found device /dev/ttyS0.
[[0;32m  OK  [0m] Listening on Load/Save RF Kill Switch Status /dev/rfkill Watch.
[[0;32m  OK  [0m] Started AppArmor initialization.
[   14.086482] cloud-init[418]: Cloud-init v. 18.5-45-g3554ffe8-0ubuntu1~18.04.1 running 'init-local' at Wed, 29 May 2019 06:00:13 +0000. Up 13.82 seconds.
[[0;32m  OK  [0m] Started Initial cloud-init job (pre-networking).
[[0;32m  OK  [0m] Reached target Network (Pre).
         Starting Network Service...
[[0;32m  OK  [0m] Started Network Service.
         Starting Network Name Resolution...
         Starting Wait for Network to be Configured...
[[0;32m  OK  [0m] Started Network Name Resolution.
[[0;32m  OK  [0m] Reached target Host and Network Name Lookups.
[[0;32m  OK  [0m] Reached target Network.
[[0;32m  OK  [0m] Started Wait for Network to be Configured.
         Starting Initial cloud-init job (metadata service crawler)...
[   16.738005] cloud-init[697]: Cloud-init v. 18.5-45-g3554ffe8-0ubuntu1~18.04.1 running 'init' at Wed, 29 May 2019 06:00:16 +0000. Up 16.56 seconds.
[   16.751861] cloud-init[697]: ci-info: ++++++++++++++++++++++++++++++++++++++Net device info+++++++++++++++++++++++++++++++++++++++
[   16.758222] cloud-init[697]: ci-info: +--------+------+-----------------------------+---------------+--------+-------------------+
[   16.767733] cloud-init[697]: ci-info: | Device |  Up  |           Address           |      Mask     | Scope  |     Hw-Address    |
[   16.797065] cloud-init[697]: ci-info: +--------+------+-----------------------------+---------------+--------+-------------------+
[   16.804963] cloud-init[697]: ci-info: | enp0s3 | True |          10.0.2.15          | 255.255.255.0 | global | 02:1e:30:9c:a3:c0 |
[   16.814433] cloud-init[697]: ci-info: | enp0s3 | True |  fe80::1e:30ff:fe9c:a3c0/64 |       .       |  link  | 02:1e:30:9c:a3:c0 |
[   16.818377] cloud-init[697]: ci-info: | enp0s8 | True |        192.168.33.10        | 255.255.255.0 | global | 08:00:27:f0:20:05 |
[   16.822047] cloud-init[697]: ci-info: | enp0s8 | True | fe80::a00:27ff:fef0:2005/64 |       .       |  link  | 08:00:27:f0:20:05 |
[   16.865135] cloud-init[697]: ci-info: |   lo   | True |          127.0.0.1          |   255.0.0.0   |  host  |         .         |
[   16.896272] cloud-init[697]: ci-info: |   lo   | True |           ::1/128           |       .       |  host  |         .         |
[   16.911635] cloud-init[697]: ci-info: +--------+------+-----------------------------+---------------+--------+-------------------+
[   16.927844] cloud-init[697]: ci-info: +++++++++++++++++++++++++++++Route IPv4 info+++++++++++++++++++++++++++++
[   16.932293] cloud-init[697]: ci-info: +-------+--------------+----------+-----------------+-----------+-------+
[   16.936530] cloud-init[697]: ci-info: | Route | Destination  | Gateway  |     Genmask     | Interface | Flags |
[   16.940561] cloud-init[697]: ci-info: +-------+--------------+----------+-----------------+-----------+-------+
[   16.964795] cloud-init[697]: ci-info: |   0   |   0.0.0.0    | 10.0.2.2 |     0.0.0.0     |   enp0s3  |   UG  |
[   16.974208] cloud-init[697]: ci-info: |   1   |   10.0.2.0   | 0.0.0.0  |  255.255.255.0  |   enp0s3  |   U   |
[   16.986556] cloud-init[697]: ci-info: |   2   |   10.0.2.2   | 0.0.0.0  | 255.255.255.255 |   enp0s3  |   UH  |
[   17.038481] cloud-init[697]: ci-info: |   3   | 192.168.33.0 | 0.0.0.0  |  255.255.255.0  |   enp0s8  |   U   |
[   17.064664] cloud-init[697]: ci-info: +-------+--------------+----------+-----------------+-----------+-------+
[   17.082089] cloud-init[697]: ci-info: +++++++++++++++++++Route IPv6 info+++++++++++++++++++
[   17.085602] cloud-init[697]: ci-info: +-------+-------------+---------+-----------+-------+
[[   17.129120] cloud-init[697]: ci-info: | Route | Destination | Gateway | Interface | Flags |
[   17.129982] cloud-init[697]: ci-info: +-------+-------------+---------+-----------+-------+
[   17.131034] cloud-init[697]: ci-info: |   1   |  fe80::/64  |    ::   |   enp0s8  |   U   |
[   17.132119] cloud-init[697]: ci-info: |   2   |  fe80::/64  |    ::   |   enp0s3  |   U   |
[   17.132903] cloud-init[697]: ci-info: |   4   |    local    |    ::   |   enp0s3  |   U   |
[   17.133677] cloud-init[697]: ci-info: |   5   |    local    |    ::   |   enp0s8  |   U   |
[   17.134244] cloud-init[697]: ci-info: |   6   |   ff00::/8  |    ::   |   enp0s8  |   U   |
[   17.134817] cloud-init[697]: ci-info: |   7   |   ff00::/8  |    ::   |   enp0s3  |   U   |
[   17.135388] cloud-init[697]: ci-info: +-------+-------------+---------+-----------+-------+
[0;32m  OK  [0m] Started Initial cloud-init job (metadata service crawler).
[[0;32m  OK  [0m] Reached target Network is Online.
         Starting Availability of block devices...
[[0;32m  OK  [0m] Reached target Remote File Systems (Pre).
[[0;32m  OK  [0m] Reached target Remote File Systems.
[[0;32m  OK  [0m] Reached target System Initialization.
         Starting LXD - unix socket.
[[0;32m  OK  [0m] Listening on UUID daemon activation socket.
[[0;32m  OK  [0m] Started Daily apt download activities.
[[0;32m  OK  [0m] Listening on D-Bus System Message Bus Socket.
         Starting Socket activation for snappy daemon.
[[0;32m  OK  [0m] Started Message of the Day.
[[0;32m  OK  [0m] Listening on Open-iSCSI iscsid Socket.
[[0;32m  OK  [0m] Started Discard unused blocks once a week.
[[0;32m  OK  [0m] Started Daily apt upgrade and clean activities.
[[0;32m  OK  [0m] Started ACPI Events Check.
[[0;32m  OK  [0m] Reached target Paths.
[[0;32m  OK  [0m] Started Daily Cleanup of Temporary Directories.
[[0;32m  OK  [0m] Reached target Timers.
[[0;32m  OK  [0m] Listening on ACPID Listen Socket.
[[0;32m  OK  [0m] Reached target Cloud-config availability.
[[0;32m  OK  [0m] Started Availability of block devices.
[[0;32m  OK  [0m] Listening on LXD - unix socket.
[[0;32m  OK  [0m] Listening on Socket activation for snappy daemon.
[[0;32m  OK  [0m] Reached target Sockets.
[[0;32m  OK  [0m] Reached target Basic System.
         Starting LSB: Record successful boot for GRUB...
[[0;32m  OK  [0m] Started Regular background program processing daemon.
[[0;32m  OK  [0m] Started FUSE filesystem for LXC.
         Starting vboxadd.service...
[[0;32m  OK  [0m] Started irqbalance daemon.
         Starting Permit User Sessions...
         Starting System Logging Service...
[[0;32m  OK  [0m] Started Deferred execution scheduler.
         Starting Login Service...
         Starting Snappy daemon...
         Starting LXD - container startup/shutdown...
         Starting Accounts Service...
         Starting LSB: automatic crash report generation...
         Starting Dispatcher daemon for systemd-networkd...
         Starting OpenBSD Secure Shell server...
[[0;32m  OK  [0m] Started D-Bus System Message Bus.
[[0;32m  OK  [0m] Started Login Service.
[[0;32m  OK  [0m] Started Unattended Upgrades Shutdown.
[[0;32m  OK  [0m] Started System Logging Service.
[[0;32m  OK  [0m] Started Permit User Sessions.
[[0;32m  OK  [0m] Started LXD - container startup/shutdown.
[[0;32m  OK  [0m] Started OpenBSD Secure Shell server.
         Starting Terminate Plymouth Boot Screen...
         Starting Hold until boot process finishes up...
[[0;32m  OK  [0m] Started Hold until boot process finishes up.
         Starting Set console scheme...
[[0;32m  OK  [0m] Started Serial Getty on ttyS0.
[[0;32m  OK  [0m] Started Terminate Plymouth Boot Screen.
[[0;32m  OK  [0m] Started Set console scheme.
[[0;32m  OK  [0m] Created slice system-getty.slice.
[[0;32m  OK  [0m] Started Getty on tty1.
[[0;32m  OK  [0m] Reached target Login Prompts.
         Starting Authorization Manager...
[[0;32m  OK  [0m] Started Snappy daemon.
         Starting Wait until snapd is fully seeded...
[[0;32m  OK  [0m] Started LSB: Record successful boot for GRUB.
[[0;32m  OK  [0m] Started LSB: automatic crash report generation.
[[0;32m  OK  [0m] Started Dispatcher daemon for systemd-networkd.
[[0;32m  OK  [0m] Started Authorization Manager.
[[0;32m  OK  [0m] Started Accounts Service.
[[0;32m  OK  [0m] Started Wait until snapd is fully seeded.
[[0;32m  OK  [0m] Started vboxadd.service.
         Starting vboxadd-service.service...
         Starting Apply the settings specified in cloud-config...
[[0;32m  OK  [0m] Started vboxadd-service.service.
[[0;32m  OK  [0m] Reached target Multi-User System.
[[0;32m  OK  [0m] Reached target Graphical Interface.
         Starting Update UTMP about System Runlevel Changes...
[[0;32m  OK  [0m] Started Update UTMP about System Runlevel Changes.
[   19.591331] cloud-init[1054]: Cloud-init v. 18.5-45-g3554ffe8-0ubuntu1~18.04.1 running 'modules:config' at Wed, 29 May 2019 06:00:19 +0000. Up 19.45 seconds.
[[0;32m  OK  [0m] Started Apply the settings specified in cloud-config.
         Starting Execute cloud user/final scripts...
[   20.195655] cloud-init[1130]: Cloud-init v. 18.5-45-g3554ffe8-0ubuntu1~18.04.1 running 'modules:final' at Wed, 29 May 2019 06:00:20 +0000. Up 20.07 seconds.
[   20.205091] cloud-init[1130]: Cloud-init v. 18.5-45-g3554ffe8-0ubuntu1~18.04.1 finished at Wed, 29 May 2019 06:00:20 +0000. Datasource DataSourceNoCloud [seed=/dev/sdb][dsmode=net].  Up 20.18 seconds
[[0;32m  OK  [0m] Started Execute cloud user/final scripts.
[[0;32m  OK  [0m] Reached target Cloud-init target.

Ubuntu 18.04.2 LTS ubuntu-bionic ttyS0

ubuntu-bionic login: 